

Started GET "/" for 68.199.60.101 at 2017-11-28 20:57:35 +0000
Cannot render console from 68.199.60.101! Allowed networks: 127.0.0.1, ::1, 127.0.0.0/127.255.255.255
  [1m[36mActiveRecord::SchemaMigration Load (0.2ms)[0m  [1mSELECT "schema_migrations".* FROM "schema_migrations"[0m
Processing by Rails::WelcomeController#index as HTML
  Rendered /usr/local/rvm/gems/ruby-2.3.1/gems/railties-4.2.5/lib/rails/templates/rails/welcome/index.html.erb (2.7ms)
Completed 200 OK in 15ms (Views: 15.0ms | ActiveRecord: 0.0ms)


Started GET "/songs" for 68.199.60.101 at 2017-11-28 20:57:39 +0000
Cannot render console from 68.199.60.101! Allowed networks: 127.0.0.1, ::1, 127.0.0.0/127.255.255.255
Processing by SongsController#index as HTML
  [1m[35mSong Load (4.6ms)[0m  SELECT "songs".* FROM "songs"
  [1m[36mArtist Load (0.3ms)[0m  [1mSELECT  "artists".* FROM "artists" WHERE "artists"."id" = ? LIMIT 1[0m  [["id", 1]]
  [1m[35mArtist Load (0.1ms)[0m  SELECT  "artists".* FROM "artists" WHERE "artists"."id" = ? LIMIT 1  [["id", 2]]
  [1m[36mArtist Load (0.1ms)[0m  [1mSELECT  "artists".* FROM "artists" WHERE "artists"."id" = ? LIMIT 1[0m  [["id", 3]]
  [1m[35mCACHE (0.0ms)[0m  SELECT  "artists".* FROM "artists" WHERE "artists"."id" = ? LIMIT 1  [["id", 3]]
  [1m[36mArtist Load (0.1ms)[0m  [1mSELECT  "artists".* FROM "artists" WHERE "artists"."id" = ? LIMIT 1[0m  [["id", 4]]
  [1m[35mArtist Load (0.1ms)[0m  SELECT  "artists".* FROM "artists" WHERE "artists"."id" = ? LIMIT 1  [["id", 5]]
  [1m[36mCACHE (0.0ms)[0m  [1mSELECT  "artists".* FROM "artists" WHERE "artists"."id" = ? LIMIT 1[0m  [["id", 5]]
  [1m[35mArtist Load (0.1ms)[0m  SELECT  "artists".* FROM "artists" WHERE "artists"."id" = ? LIMIT 1  [["id", 6]]
  [1m[36mCACHE (0.0ms)[0m  [1mSELECT  "artists".* FROM "artists" WHERE "artists"."id" = ? LIMIT 1[0m  [["id", 6]]
  [1m[35mCACHE (0.0ms)[0m  SELECT  "artists".* FROM "artists" WHERE "artists"."id" = ? LIMIT 1  [["id", 6]]
  [1m[36mCACHE (0.0ms)[0m  [1mSELECT  "artists".* FROM "artists" WHERE "artists"."id" = ? LIMIT 1[0m  [["id", 3]]
  [1m[35mCACHE (0.0ms)[0m  SELECT  "artists".* FROM "artists" WHERE "artists"."id" = ? LIMIT 1  [["id", 3]]
  [1m[36mCACHE (0.0ms)[0m  [1mSELECT  "artists".* FROM "artists" WHERE "artists"."id" = ? LIMIT 1[0m  [["id", 4]]
  [1m[35mCACHE (0.0ms)[0m  SELECT  "artists".* FROM "artists" WHERE "artists"."id" = ? LIMIT 1  [["id", 5]]
  [1m[36mCACHE (0.0ms)[0m  [1mSELECT  "artists".* FROM "artists" WHERE "artists"."id" = ? LIMIT 1[0m  [["id", 5]]
  [1m[35mCACHE (0.0ms)[0m  SELECT  "artists".* FROM "artists" WHERE "artists"."id" = ? LIMIT 1  [["id", 6]]
  [1m[36mCACHE (0.0ms)[0m  [1mSELECT  "artists".* FROM "artists" WHERE "artists"."id" = ? LIMIT 1[0m  [["id", 6]]
  [1m[35mCACHE (0.0ms)[0m  SELECT  "artists".* FROM "artists" WHERE "artists"."id" = ? LIMIT 1  [["id", 6]]
  [1m[36mArtist Load (0.1ms)[0m  [1mSELECT  "artists".* FROM "artists" WHERE "artists"."id" = ? LIMIT 1[0m  [["id", 7]]
  [1m[35mArtist Load (0.1ms)[0m  SELECT  "artists".* FROM "artists" WHERE "artists"."id" = ? LIMIT 1  [["id", 8]]
  [1m[36mArtist Load (0.1ms)[0m  [1mSELECT  "artists".* FROM "artists" WHERE "artists"."id" = ? LIMIT 1[0m  [["id", 9]]
  [1m[35mArtist Load (0.1ms)[0m  SELECT  "artists".* FROM "artists" WHERE "artists"."id" = ? LIMIT 1  [["id", 10]]
  [1m[36mArtist Load (0.1ms)[0m  [1mSELECT  "artists".* FROM "artists" WHERE "artists"."id" = ? LIMIT 1[0m  [["id", 11]]
  [1m[35mArtist Load (0.1ms)[0m  SELECT  "artists".* FROM "artists" WHERE "artists"."id" = ? LIMIT 1  [["id", 12]]
  [1m[36mArtist Load (0.1ms)[0m  [1mSELECT  "artists".* FROM "artists" WHERE "artists"."id" = ? LIMIT 1[0m  [["id", 13]]
  [1m[35mArtist Load (0.1ms)[0m  SELECT  "artists".* FROM "artists" WHERE "artists"."id" = ? LIMIT 1  [["id", 14]]
  [1m[36mArtist Load (0.1ms)[0m  [1mSELECT  "artists".* FROM "artists" WHERE "artists"."id" = ? LIMIT 1[0m  [["id", 15]]
  [1m[35mArtist Load (0.1ms)[0m  SELECT  "artists".* FROM "artists" WHERE "artists"."id" = ? LIMIT 1  [["id", 16]]
  [1m[36mArtist Load (0.1ms)[0m  [1mSELECT  "artists".* FROM "artists" WHERE "artists"."id" = ? LIMIT 1[0m  [["id", 17]]
  [1m[35mArtist Load (0.1ms)[0m  SELECT  "artists".* FROM "artists" WHERE "artists"."id" = ? LIMIT 1  [["id", 18]]
  [1m[36mArtist Load (0.1ms)[0m  [1mSELECT  "artists".* FROM "artists" WHERE "artists"."id" = ? LIMIT 1[0m  [["id", 19]]
  [1m[35mArtist Load (0.1ms)[0m  SELECT  "artists".* FROM "artists" WHERE "artists"."id" = ? LIMIT 1  [["id", 20]]
  [1m[36mArtist Load (0.1ms)[0m  [1mSELECT  "artists".* FROM "artists" WHERE "artists"."id" = ? LIMIT 1[0m  [["id", 21]]
  [1m[35mArtist Load (0.1ms)[0m  SELECT  "artists".* FROM "artists" WHERE "artists"."id" = ? LIMIT 1  [["id", 22]]
  [1m[36mArtist Load (0.1ms)[0m  [1mSELECT  "artists".* FROM "artists" WHERE "artists"."id" = ? LIMIT 1[0m  [["id", 23]]
  [1m[35mArtist Load (0.1ms)[0m  SELECT  "artists".* FROM "artists" WHERE "artists"."id" = ? LIMIT 1  [["id", 24]]
  [1m[36mArtist Load (0.1ms)[0m  [1mSELECT  "artists".* FROM "artists" WHERE "artists"."id" = ? LIMIT 1[0m  [["id", 25]]
  [1m[35mArtist Load (0.1ms)[0m  SELECT  "artists".* FROM "artists" WHERE "artists"."id" = ? LIMIT 1  [["id", 26]]
  [1m[36mCACHE (0.0ms)[0m  [1mSELECT  "artists".* FROM "artists" WHERE "artists"."id" = ? LIMIT 1[0m  [["id", 20]]
  [1m[35mCACHE (0.0ms)[0m  SELECT  "artists".* FROM "artists" WHERE "artists"."id" = ? LIMIT 1  [["id", 17]]
  [1m[36mArtist Load (0.1ms)[0m  [1mSELECT  "artists".* FROM "artists" WHERE "artists"."id" = ? LIMIT 1[0m  [["id", 27]]
  [1m[35mArtist Load (0.1ms)[0m  SELECT  "artists".* FROM "artists" WHERE "artists"."id" = ? LIMIT 1  [["id", 28]]
  [1m[36mArtist Load (0.1ms)[0m  [1mSELECT  "artists".* FROM "artists" WHERE "artists"."id" = ? LIMIT 1[0m  [["id", 29]]
  [1m[35mArtist Load (0.1ms)[0m  SELECT  "artists".* FROM "artists" WHERE "artists"."id" = ? LIMIT 1  [["id", 30]]
  [1m[36mArtist Load (0.1ms)[0m  [1mSELECT  "artists".* FROM "artists" WHERE "artists"."id" = ? LIMIT 1[0m  [["id", 31]]
  [1m[35mArtist Load (0.1ms)[0m  SELECT  "artists".* FROM "artists" WHERE "artists"."id" = ? LIMIT 1  [["id", 32]]
  [1m[36mArtist Load (0.1ms)[0m  [1mSELECT  "artists".* FROM "artists" WHERE "artists"."id" = ? LIMIT 1[0m  [["id", 33]]
  [1m[35mArtist Load (0.1ms)[0m  SELECT  "artists".* FROM "artists" WHERE "artists"."id" = ? LIMIT 1  [["id", 34]]
  [1m[36mArtist Load (0.1ms)[0m  [1mSELECT  "artists".* FROM "artists" WHERE "artists"."id" = ? LIMIT 1[0m  [["id", 35]]
  [1m[35mArtist Load (0.1ms)[0m  SELECT  "artists".* FROM "artists" WHERE "artists"."id" = ? LIMIT 1  [["id", 36]]
  [1m[36mArtist Load (0.1ms)[0m  [1mSELECT  "artists".* FROM "artists" WHERE "artists"."id" = ? LIMIT 1[0m  [["id", 37]]
  [1m[35mCACHE (0.0ms)[0m  SELECT  "artists".* FROM "artists" WHERE "artists"."id" = ? LIMIT 1  [["id", 30]]
  [1m[36mArtist Load (0.1ms)[0m  [1mSELECT  "artists".* FROM "artists" WHERE "artists"."id" = ? LIMIT 1[0m  [["id", 38]]
  [1m[35mArtist Load (0.1ms)[0m  SELECT  "artists".* FROM "artists" WHERE "artists"."id" = ? LIMIT 1  [["id", 39]]
  [1m[36mArtist Load (0.1ms)[0m  [1mSELECT  "artists".* FROM "artists" WHERE "artists"."id" = ? LIMIT 1[0m  [["id", 40]]
  [1m[35mArtist Load (0.1ms)[0m  SELECT  "artists".* FROM "artists" WHERE "artists"."id" = ? LIMIT 1  [["id", 41]]
  [1m[36mArtist Load (0.1ms)[0m  [1mSELECT  "artists".* FROM "artists" WHERE "artists"."id" = ? LIMIT 1[0m  [["id", 42]]
  [1m[35mArtist Load (0.1ms)[0m  SELECT  "artists".* FROM "artists" WHERE "artists"."id" = ? LIMIT 1  [["id", 43]]
  [1m[36mArtist Load (0.1ms)[0m  [1mSELECT  "artists".* FROM "artists" WHERE "artists"."id" = ? LIMIT 1[0m  [["id", 44]]
  [1m[35mArtist Load (0.1ms)[0m  SELECT  "artists".* FROM "artists" WHERE "artists"."id" = ? LIMIT 1  [["id", 45]]
  [1m[36mCACHE (0.0ms)[0m  [1mSELECT  "artists".* FROM "artists" WHERE "artists"."id" = ? LIMIT 1[0m  [["id", 27]]
  [1m[35mArtist Load (0.2ms)[0m  SELECT  "artists".* FROM "artists" WHERE "artists"."id" = ? LIMIT 1  [["id", 46]]
  [1m[36mCACHE (0.0ms)[0m  [1mSELECT  "artists".* FROM "artists" WHERE "artists"."id" = ? LIMIT 1[0m  [["id", 30]]
  [1m[35mArtist Load (0.1ms)[0m  SELECT  "artists".* FROM "artists" WHERE "artists"."id" = ? LIMIT 1  [["id", 47]]
  [1m[36mCACHE (0.0ms)[0m  [1mSELECT  "artists".* FROM "artists" WHERE "artists"."id" = ? LIMIT 1[0m  [["id", 12]]
  [1m[35mArtist Load (0.1ms)[0m  SELECT  "artists".* FROM "artists" WHERE "artists"."id" = ? LIMIT 1  [["id", 48]]
  [1m[36mCACHE (0.0ms)[0m  [1mSELECT  "artists".* FROM "artists" WHERE "artists"."id" = ? LIMIT 1[0m  [["id", 44]]
  [1m[35mCACHE (0.0ms)[0m  SELECT  "artists".* FROM "artists" WHERE "artists"."id" = ? LIMIT 1  [["id", 7]]
  [1m[36mArtist Load (0.1ms)[0m  [1mSELECT  "artists".* FROM "artists" WHERE "artists"."id" = ? LIMIT 1[0m  [["id", 49]]
  [1m[35mArtist Load (0.1ms)[0m  SELECT  "artists".* FROM "artists" WHERE "artists"."id" = ? LIMIT 1  [["id", 50]]
  [1m[36mArtist Load (0.1ms)[0m  [1mSELECT  "artists".* FROM "artists" WHERE "artists"."id" = ? LIMIT 1[0m  [["id", 51]]
  [1m[35mCACHE (0.0ms)[0m  SELECT  "artists".* FROM "artists" WHERE "artists"."id" = ? LIMIT 1  [["id", 27]]
  [1m[36mCACHE (0.0ms)[0m  [1mSELECT  "artists".* FROM "artists" WHERE "artists"."id" = ? LIMIT 1[0m  [["id", 26]]
  [1m[35mCACHE (0.0ms)[0m  SELECT  "artists".* FROM "artists" WHERE "artists"."id" = ? LIMIT 1  [["id", 24]]
  [1m[36mArtist Load (0.1ms)[0m  [1mSELECT  "artists".* FROM "artists" WHERE "artists"."id" = ? LIMIT 1[0m  [["id", 52]]
  [1m[35mCACHE (0.0ms)[0m  SELECT  "artists".* FROM "artists" WHERE "artists"."id" = ? LIMIT 1  [["id", 10]]
  [1m[36mArtist Load (0.1ms)[0m  [1mSELECT  "artists".* FROM "artists" WHERE "artists"."id" = ? LIMIT 1[0m  [["id", 53]]
  [1m[35mArtist Load (0.1ms)[0m  SELECT  "artists".* FROM "artists" WHERE "artists"."id" = ? LIMIT 1  [["id", 54]]
  [1m[36mCACHE (0.0ms)[0m  [1mSELECT  "artists".* FROM "artists" WHERE "artists"."id" = ? LIMIT 1[0m  [["id", 10]]
  [1m[35mCACHE (0.0ms)[0m  SELECT  "artists".* FROM "artists" WHERE "artists"."id" = ? LIMIT 1  [["id", 44]]
  [1m[36mArtist Load (0.1ms)[0m  [1mSELECT  "artists".* FROM "artists" WHERE "artists"."id" = ? LIMIT 1[0m  [["id", 55]]
  [1m[35mArtist Load (0.1ms)[0m  SELECT  "artists".* FROM "artists" WHERE "artists"."id" = ? LIMIT 1  [["id", 56]]
  [1m[36mArtist Load (0.1ms)[0m  [1mSELECT  "artists".* FROM "artists" WHERE "artists"."id" = ? LIMIT 1[0m  [["id", 57]]
  [1m[35mArtist Load (0.1ms)[0m  SELECT  "artists".* FROM "artists" WHERE "artists"."id" = ? LIMIT 1  [["id", 58]]
  [1m[36mArtist Load (0.1ms)[0m  [1mSELECT  "artists".* FROM "artists" WHERE "artists"."id" = ? LIMIT 1[0m  [["id", 59]]
  [1m[35mCACHE (0.0ms)[0m  SELECT  "artists".* FROM "artists" WHERE "artists"."id" = ? LIMIT 1  [["id", 31]]
  [1m[36mCACHE (0.0ms)[0m  [1mSELECT  "artists".* FROM "artists" WHERE "artists"."id" = ? LIMIT 1[0m  [["id", 51]]
  [1m[35mArtist Load (0.1ms)[0m  SELECT  "artists".* FROM "artists" WHERE "artists"."id" = ? LIMIT 1  [["id", 60]]
  [1m[36mCACHE (0.0ms)[0m  [1mSELECT  "artists".* FROM "artists" WHERE "artists"."id" = ? LIMIT 1[0m  [["id", 40]]
  [1m[35mCACHE (0.0ms)[0m  SELECT  "artists".* FROM "artists" WHERE "artists"."id" = ? LIMIT 1  [["id", 18]]
  [1m[36mCACHE (0.0ms)[0m  [1mSELECT  "artists".* FROM "artists" WHERE "artists"."id" = ? LIMIT 1[0m  [["id", 27]]
  [1m[35mArtist Load (0.1ms)[0m  SELECT  "artists".* FROM "artists" WHERE "artists"."id" = ? LIMIT 1  [["id", 61]]
  [1m[36mArtist Load (0.1ms)[0m  [1mSELECT  "artists".* FROM "artists" WHERE "artists"."id" = ? LIMIT 1[0m  [["id", 62]]
  [1m[35mCACHE (0.0ms)[0m  SELECT  "artists".* FROM "artists" WHERE "artists"."id" = ? LIMIT 1  [["id", 8]]
  [1m[36mArtist Load (0.1ms)[0m  [1mSELECT  "artists".* FROM "artists" WHERE "artists"."id" = ? LIMIT 1[0m  [["id", 63]]
  [1m[35mCACHE (0.0ms)[0m  SELECT  "artists".* FROM "artists" WHERE "artists"."id" = ? LIMIT 1  [["id", 11]]
  [1m[36mCACHE (0.0ms)[0m  [1mSELECT  "artists".* FROM "artists" WHERE "artists"."id" = ? LIMIT 1[0m  [["id", 44]]
  [1m[35mCACHE (0.0ms)[0m  SELECT  "artists".* FROM "artists" WHERE "artists"."id" = ? LIMIT 1  [["id", 27]]
  [1m[36mArtist Load (0.1ms)[0m  [1mSELECT  "artists".* FROM "artists" WHERE "artists"."id" = ? LIMIT 1[0m  [["id", 64]]
  [1m[35mArtist Load (0.1ms)[0m  SELECT  "artists".* FROM "artists" WHERE "artists"."id" = ? LIMIT 1  [["id", 65]]
  [1m[36mArtist Load (0.1ms)[0m  [1mSELECT  "artists".* FROM "artists" WHERE "artists"."id" = ? LIMIT 1[0m  [["id", 66]]
  [1m[35mArtist Load (0.1ms)[0m  SELECT  "artists".* FROM "artists" WHERE "artists"."id" = ? LIMIT 1  [["id", 67]]
  [1m[36mArtist Load (0.1ms)[0m  [1mSELECT  "artists".* FROM "artists" WHERE "artists"."id" = ? LIMIT 1[0m  [["id", 68]]
  [1m[35mCACHE (0.0ms)[0m  SELECT  "artists".* FROM "artists" WHERE "artists"."id" = ? LIMIT 1  [["id", 23]]
  [1m[36mArtist Load (0.1ms)[0m  [1mSELECT  "artists".* FROM "artists" WHERE "artists"."id" = ? LIMIT 1[0m  [["id", 69]]
  [1m[35mArtist Load (0.1ms)[0m  SELECT  "artists".* FROM "artists" WHERE "artists"."id" = ? LIMIT 1  [["id", 70]]
  [1m[36mArtist Load (0.1ms)[0m  [1mSELECT  "artists".* FROM "artists" WHERE "artists"."id" = ? LIMIT 1[0m  [["id", 71]]
  [1m[35mCACHE (0.0ms)[0m  SELECT  "artists".* FROM "artists" WHERE "artists"."id" = ? LIMIT 1  [["id", 70]]
  [1m[36mCACHE (0.0ms)[0m  [1mSELECT  "artists".* FROM "artists" WHERE "artists"."id" = ? LIMIT 1[0m  [["id", 32]]
  [1m[35mArtist Load (0.1ms)[0m  SELECT  "artists".* FROM "artists" WHERE "artists"."id" = ? LIMIT 1  [["id", 72]]
  [1m[36mCACHE (0.0ms)[0m  [1mSELECT  "artists".* FROM "artists" WHERE "artists"."id" = ? LIMIT 1[0m  [["id", 33]]
  [1m[35mCACHE (0.0ms)[0m  SELECT  "artists".* FROM "artists" WHERE "artists"."id" = ? LIMIT 1  [["id", 43]]
  [1m[36mArtist Load (0.1ms)[0m  [1mSELECT  "artists".* FROM "artists" WHERE "artists"."id" = ? LIMIT 1[0m  [["id", 73]]
  [1m[35mCACHE (0.0ms)[0m  SELECT  "artists".* FROM "artists" WHERE "artists"."id" = ? LIMIT 1  [["id", 37]]
  [1m[36mArtist Load (0.1ms)[0m  [1mSELECT  "artists".* FROM "artists" WHERE "artists"."id" = ? LIMIT 1[0m  [["id", 74]]
  [1m[35mCACHE (0.0ms)[0m  SELECT  "artists".* FROM "artists" WHERE "artists"."id" = ? LIMIT 1  [["id", 37]]
  [1m[36mArtist Load (0.1ms)[0m  [1mSELECT  "artists".* FROM "artists" WHERE "artists"."id" = ? LIMIT 1[0m  [["id", 75]]
  [1m[35mCACHE (0.0ms)[0m  SELECT  "artists".* FROM "artists" WHERE "artists"."id" = ? LIMIT 1  [["id", 38]]
  [1m[36mArtist Load (0.1ms)[0m  [1mSELECT  "artists".* FROM "artists" WHERE "artists"."id" = ? LIMIT 1[0m  [["id", 76]]
  [1m[35mCACHE (0.0ms)[0m  SELECT  "artists".* FROM "artists" WHERE "artists"."id" = ? LIMIT 1  [["id", 20]]
  [1m[36mCACHE (0.0ms)[0m  [1mSELECT  "artists".* FROM "artists" WHERE "artists"."id" = ? LIMIT 1[0m  [["id", 31]]
  [1m[35mCACHE (0.0ms)[0m  SELECT  "artists".* FROM "artists" WHERE "artists"."id" = ? LIMIT 1  [["id", 31]]
  [1m[36mCACHE (0.0ms)[0m  [1mSELECT  "artists".* FROM "artists" WHERE "artists"."id" = ? LIMIT 1[0m  [["id", 24]]
  [1m[35mArtist Load (0.1ms)[0m  SELECT  "artists".* FROM "artists" WHERE "artists"."id" = ? LIMIT 1  [["id", 77]]
  [1m[36mArtist Load (0.1ms)[0m  [1mSELECT  "artists".* FROM "artists" WHERE "artists"."id" = ? LIMIT 1[0m  [["id", 78]]
  [1m[35mCACHE (0.0ms)[0m  SELECT  "artists".* FROM "artists" WHERE "artists"."id" = ? LIMIT 1  [["id", 27]]
  [1m[36mArtist Load (0.1ms)[0m  [1mSELECT  "artists".* FROM "artists" WHERE "artists"."id" = ? LIMIT 1[0m  [["id", 79]]
  [1m[35mCACHE (0.0ms)[0m  SELECT  "artists".* FROM "artists" WHERE "artists"."id" = ? LIMIT 1  [["id", 62]]
  [1m[36mArtist Load (0.1ms)[0m  [1mSELECT  "artists".* FROM "artists" WHERE "artists"."id" = ? LIMIT 1[0m  [["id", 80]]
  [1m[35mArtist Load (0.1ms)[0m  SELECT  "artists".* FROM "artists" WHERE "artists"."id" = ? LIMIT 1  [["id", 81]]
  [1m[36mArtist Load (0.1ms)[0m  [1mSELECT  "artists".* FROM "artists" WHERE "artists"."id" = ? LIMIT 1[0m  [["id", 82]]
  [1m[35mCACHE (0.0ms)[0m  SELECT  "artists".* FROM "artists" WHERE "artists"."id" = ? LIMIT 1  [["id", 62]]
  [1m[36mArtist Load (0.1ms)[0m  [1mSELECT  "artists".* FROM "artists" WHERE "artists"."id" = ? LIMIT 1[0m  [["id", 83]]
  [1m[35mCACHE (0.0ms)[0m  SELECT  "artists".* FROM "artists" WHERE "artists"."id" = ? LIMIT 1  [["id", 36]]
  [1m[36mArtist Load (0.2ms)[0m  [1mSELECT  "artists".* FROM "artists" WHERE "artists"."id" = ? LIMIT 1[0m  [["id", 84]]
  [1m[35mCACHE (0.0ms)[0m  SELECT  "artists".* FROM "artists" WHERE "artists"."id" = ? LIMIT 1  [["id", 57]]
  [1m[36mArtist Load (0.1ms)[0m  [1mSELECT  "artists".* FROM "artists" WHERE "artists"."id" = ? LIMIT 1[0m  [["id", 85]]
  [1m[35mCACHE (0.0ms)[0m  SELECT  "artists".* FROM "artists" WHERE "artists"."id" = ? LIMIT 1  [["id", 70]]
  [1m[36mArtist Load (0.1ms)[0m  [1mSELECT  "artists".* FROM "artists" WHERE "artists"."id" = ? LIMIT 1[0m  [["id", 86]]
  [1m[35mArtist Load (0.1ms)[0m  SELECT  "artists".* FROM "artists" WHERE "artists"."id" = ? LIMIT 1  [["id", 87]]
  [1m[36mArtist Load (0.1ms)[0m  [1mSELECT  "artists".* FROM "artists" WHERE "artists"."id" = ? LIMIT 1[0m  [["id", 88]]
  [1m[35mArtist Load (0.1ms)[0m  SELECT  "artists".* FROM "artists" WHERE "artists"."id" = ? LIMIT 1  [["id", 89]]
  [1m[36mArtist Load (0.1ms)[0m  [1mSELECT  "artists".* FROM "artists" WHERE "artists"."id" = ? LIMIT 1[0m  [["id", 90]]
  [1m[35mCACHE (0.0ms)[0m  SELECT  "artists".* FROM "artists" WHERE "artists"."id" = ? LIMIT 1  [["id", 78]]
  [1m[36mCACHE (0.0ms)[0m  [1mSELECT  "artists".* FROM "artists" WHERE "artists"."id" = ? LIMIT 1[0m  [["id", 42]]
  [1m[35mCACHE (0.0ms)[0m  SELECT  "artists".* FROM "artists" WHERE "artists"."id" = ? LIMIT 1  [["id", 72]]
  [1m[36mArtist Load (0.1ms)[0m  [1mSELECT  "artists".* FROM "artists" WHERE "artists"."id" = ? LIMIT 1[0m  [["id", 91]]
  [1m[35mArtist Load (0.1ms)[0m  SELECT  "artists".* FROM "artists" WHERE "artists"."id" = ? LIMIT 1  [["id", 92]]
  [1m[36mCACHE (0.0ms)[0m  [1mSELECT  "artists".* FROM "artists" WHERE "artists"."id" = ? LIMIT 1[0m  [["id", 65]]
  [1m[35mArtist Load (0.1ms)[0m  SELECT  "artists".* FROM "artists" WHERE "artists"."id" = ? LIMIT 1  [["id", 93]]
  [1m[36mCACHE (0.0ms)[0m  [1mSELECT  "artists".* FROM "artists" WHERE "artists"."id" = ? LIMIT 1[0m  [["id", 14]]
  [1m[35mArtist Load (0.1ms)[0m  SELECT  "artists".* FROM "artists" WHERE "artists"."id" = ? LIMIT 1  [["id", 94]]
  [1m[36mCACHE (0.0ms)[0m  [1mSELECT  "artists".* FROM "artists" WHERE "artists"."id" = ? LIMIT 1[0m  [["id", 27]]
  [1m[35mCACHE (0.0ms)[0m  SELECT  "artists".* FROM "artists" WHERE "artists"."id" = ? LIMIT 1  [["id", 73]]
  [1m[36mCACHE (0.0ms)[0m  [1mSELECT  "artists".* FROM "artists" WHERE "artists"."id" = ? LIMIT 1[0m  [["id", 79]]
  [1m[35mArtist Load (0.1ms)[0m  SELECT  "artists".* FROM "artists" WHERE "artists"."id" = ? LIMIT 1  [["id", 95]]
  [1m[36mCACHE (0.0ms)[0m  [1mSELECT  "artists".* FROM "artists" WHERE "artists"."id" = ? LIMIT 1[0m  [["id", 17]]
  [1m[35mCACHE (0.0ms)[0m  SELECT  "artists".* FROM "artists" WHERE "artists"."id" = ? LIMIT 1  [["id", 33]]
  [1m[36mArtist Load (0.1ms)[0m  [1mSELECT  "artists".* FROM "artists" WHERE "artists"."id" = ? LIMIT 1[0m  [["id", 96]]
  [1m[35mCACHE (0.0ms)[0m  SELECT  "artists".* FROM "artists" WHERE "artists"."id" = ? LIMIT 1  [["id", 56]]
  [1m[36mCACHE (0.0ms)[0m  [1mSELECT  "artists".* FROM "artists" WHERE "artists"."id" = ? LIMIT 1[0m  [["id", 27]]
  [1m[35mArtist Load (0.1ms)[0m  SELECT  "artists".* FROM "artists" WHERE "artists"."id" = ? LIMIT 1  [["id", 97]]
  [1m[36mCACHE (0.0ms)[0m  [1mSELECT  "artists".* FROM "artists" WHERE "artists"."id" = ? LIMIT 1[0m  [["id", 57]]
  [1m[35mCACHE (0.0ms)[0m  SELECT  "artists".* FROM "artists" WHERE "artists"."id" = ? LIMIT 1  [["id", 27]]
  [1m[36mArtist Load (0.1ms)[0m  [1mSELECT  "artists".* FROM "artists" WHERE "artists"."id" = ? LIMIT 1[0m  [["id", 98]]
  [1m[35mArtist Load (0.1ms)[0m  SELECT  "artists".* FROM "artists" WHERE "artists"."id" = ? LIMIT 1  [["id", 99]]
  [1m[36mArtist Load (0.1ms)[0m  [1mSELECT  "artists".* FROM "artists" WHERE "artists"."id" = ? LIMIT 1[0m  [["id", 100]]
  [1m[35mArtist Load (0.1ms)[0m  SELECT  "artists".* FROM "artists" WHERE "artists"."id" = ? LIMIT 1  [["id", 101]]
  [1m[36mArtist Load (0.1ms)[0m  [1mSELECT  "artists".* FROM "artists" WHERE "artists"."id" = ? LIMIT 1[0m  [["id", 102]]
  [1m[35mCACHE (0.0ms)[0m  SELECT  "artists".* FROM "artists" WHERE "artists"."id" = ? LIMIT 1  [["id", 25]]
  [1m[36mCACHE (0.0ms)[0m  [1mSELECT  "artists".* FROM "artists" WHERE "artists"."id" = ? LIMIT 1[0m  [["id", 13]]
  [1m[35mCACHE (0.0ms)[0m  SELECT  "artists".* FROM "artists" WHERE "artists"."id" = ? LIMIT 1  [["id", 30]]
  [1m[36mArtist Load (0.1ms)[0m  [1mSELECT  "artists".* FROM "artists" WHERE "artists"."id" = ? LIMIT 1[0m  [["id", 103]]
  [1m[35mArtist Load (0.1ms)[0m  SELECT  "artists".* FROM "artists" WHERE "artists"."id" = ? LIMIT 1  [["id", 104]]
  [1m[36mCACHE (0.0ms)[0m  [1mSELECT  "artists".* FROM "artists" WHERE "artists"."id" = ? LIMIT 1[0m  [["id", 17]]
  [1m[35mArtist Load (0.1ms)[0m  SELECT  "artists".* FROM "artists" WHERE "artists"."id" = ? LIMIT 1  [["id", 105]]
  [1m[36mCACHE (0.0ms)[0m  [1mSELECT  "artists".* FROM "artists" WHERE "artists"."id" = ? LIMIT 1[0m  [["id", 96]]
  [1m[35mArtist Load (0.1ms)[0m  SELECT  "artists".* FROM "artists" WHERE "artists"."id" = ? LIMIT 1  [["id", 106]]
  [1m[36mArtist Load (0.1ms)[0m  [1mSELECT  "artists".* FROM "artists" WHERE "artists"."id" = ? LIMIT 1[0m  [["id", 107]]
  [1m[35mCACHE (0.0ms)[0m  SELECT  "artists".* FROM "artists" WHERE "artists"."id" = ? LIMIT 1  [["id", 92]]
  [1m[36mCACHE (0.0ms)[0m  [1mSELECT  "artists".* FROM "artists" WHERE "artists"."id" = ? LIMIT 1[0m  [["id", 84]]
  [1m[35mCACHE (0.0ms)[0m  SELECT  "artists".* FROM "artists" WHERE "artists"."id" = ? LIMIT 1  [["id", 24]]
  [1m[36mArtist Load (0.1ms)[0m  [1mSELECT  "artists".* FROM "artists" WHERE "artists"."id" = ? LIMIT 1[0m  [["id", 108]]
  [1m[35mArtist Load (0.1ms)[0m  SELECT  "artists".* FROM "artists" WHERE "artists"."id" = ? LIMIT 1  [["id", 109]]
  [1m[36mArtist Load (0.1ms)[0m  [1mSELECT  "artists".* FROM "artists" WHERE "artists"."id" = ? LIMIT 1[0m  [["id", 110]]
  [1m[35mCACHE (0.0ms)[0m  SELECT  "artists".* FROM "artists" WHERE "artists"."id" = ? LIMIT 1  [["id", 17]]
  [1m[36mCACHE (0.0ms)[0m  [1mSELECT  "artists".* FROM "artists" WHERE "artists"."id" = ? LIMIT 1[0m  [["id", 25]]
  [1m[35mCACHE (0.0ms)[0m  SELECT  "artists".* FROM "artists" WHERE "artists"."id" = ? LIMIT 1  [["id", 93]]
  [1m[36mCACHE (0.0ms)[0m  [1mSELECT  "artists".* FROM "artists" WHERE "artists"."id" = ? LIMIT 1[0m  [["id", 89]]
  [1m[35mArtist Load (0.1ms)[0m  SELECT  "artists".* FROM "artists" WHERE "artists"."id" = ? LIMIT 1  [["id", 111]]
  [1m[36mArtist Load (0.1ms)[0m  [1mSELECT  "artists".* FROM "artists" WHERE "artists"."id" = ? LIMIT 1[0m  [["id", 112]]
  [1m[35mCACHE (0.0ms)[0m  SELECT  "artists".* FROM "artists" WHERE "artists"."id" = ? LIMIT 1  [["id", 24]]
  [1m[36mArtist Load (0.1ms)[0m  [1mSELECT  "artists".* FROM "artists" WHERE "artists"."id" = ? LIMIT 1[0m  [["id", 113]]
  [1m[35mCACHE (0.0ms)[0m  SELECT  "artists".* FROM "artists" WHERE "artists"."id" = ? LIMIT 1  [["id", 13]]
  [1m[36mArtist Load (0.1ms)[0m  [1mSELECT  "artists".* FROM "artists" WHERE "artists"."id" = ? LIMIT 1[0m  [["id", 114]]
  [1m[35mArtist Load (0.1ms)[0m  SELECT  "artists".* FROM "artists" WHERE "artists"."id" = ? LIMIT 1  [["id", 115]]
  [1m[36mArtist Load (0.1ms)[0m  [1mSELECT  "artists".* FROM "artists" WHERE "artists"."id" = ? LIMIT 1[0m  [["id", 116]]
  [1m[35mCACHE (0.0ms)[0m  SELECT  "artists".* FROM "artists" WHERE "artists"."id" = ? LIMIT 1  [["id", 31]]
  [1m[36mCACHE (0.0ms)[0m  [1mSELECT  "artists".* FROM "artists" WHERE "artists"."id" = ? LIMIT 1[0m  [["id", 24]]
  [1m[35mCACHE (0.0ms)[0m  SELECT  "artists".* FROM "artists" WHERE "artists"."id" = ? LIMIT 1  [["id", 44]]
  [1m[36mCACHE (0.0ms)[0m  [1mSELECT  "artists".* FROM "artists" WHERE "artists"."id" = ? LIMIT 1[0m  [["id", 41]]
  [1m[35mCACHE (0.0ms)[0m  SELECT  "artists".* FROM "artists" WHERE "artists"."id" = ? LIMIT 1  [["id", 25]]
  [1m[36mArtist Load (0.1ms)[0m  [1mSELECT  "artists".* FROM "artists" WHERE "artists"."id" = ? LIMIT 1[0m  [["id", 117]]
  [1m[35mCACHE (0.0ms)[0m  SELECT  "artists".* FROM "artists" WHERE "artists"."id" = ? LIMIT 1  [["id", 48]]
  [1m[36mArtist Load (0.1ms)[0m  [1mSELECT  "artists".* FROM "artists" WHERE "artists"."id" = ? LIMIT 1[0m  [["id", 118]]
  [1m[35mCACHE (0.0ms)[0m  SELECT  "artists".* FROM "artists" WHERE "artists"."id" = ? LIMIT 1  [["id", 40]]
  [1m[36mArtist Load (0.1ms)[0m  [1mSELECT  "artists".* FROM "artists" WHERE "artists"."id" = ? LIMIT 1[0m  [["id", 119]]
  [1m[35mCACHE (0.0ms)[0m  SELECT  "artists".* FROM "artists" WHERE "artists"."id" = ? LIMIT 1  [["id", 30]]
  [1m[36mArtist Load (0.1ms)[0m  [1mSELECT  "artists".* FROM "artists" WHERE "artists"."id" = ? LIMIT 1[0m  [["id", 120]]
  [1m[35mCACHE (0.0ms)[0m  SELECT  "artists".* FROM "artists" WHERE "artists"."id" = ? LIMIT 1  [["id", 114]]
  [1m[36mCACHE (0.0ms)[0m  [1mSELECT  "artists".* FROM "artists" WHERE "artists"."id" = ? LIMIT 1[0m  [["id", 120]]
  [1m[35mCACHE (0.0ms)[0m  SELECT  "artists".* FROM "artists" WHERE "artists"."id" = ? LIMIT 1  [["id", 11]]
  [1m[36mArtist Load (0.1ms)[0m  [1mSELECT  "artists".* FROM "artists" WHERE "artists"."id" = ? LIMIT 1[0m  [["id", 121]]
  [1m[35mCACHE (0.0ms)[0m  SELECT  "artists".* FROM "artists" WHERE "artists"."id" = ? LIMIT 1  [["id", 19]]
  [1m[36mCACHE (0.0ms)[0m  [1mSELECT  "artists".* FROM "artists" WHERE "artists"."id" = ? LIMIT 1[0m  [["id", 81]]
  [1m[35mArtist Load (0.1ms)[0m  SELECT  "artists".* FROM "artists" WHERE "artists"."id" = ? LIMIT 1  [["id", 122]]
  [1m[36mCACHE (0.0ms)[0m  [1mSELECT  "artists".* FROM "artists" WHERE "artists"."id" = ? LIMIT 1[0m  [["id", 111]]
  [1m[35mArtist Load (0.1ms)[0m  SELECT  "artists".* FROM "artists" WHERE "artists"."id" = ? LIMIT 1  [["id", 123]]
  [1m[36mArtist Load (0.1ms)[0m  [1mSELECT  "artists".* FROM "artists" WHERE "artists"."id" = ? LIMIT 1[0m  [["id", 124]]
  [1m[35mArtist Load (0.1ms)[0m  SELECT  "artists".* FROM "artists" WHERE "artists"."id" = ? LIMIT 1  [["id", 125]]
  [1m[36mCACHE (0.0ms)[0m  [1mSELECT  "artists".* FROM "artists" WHERE "artists"."id" = ? LIMIT 1[0m  [["id", 72]]
  [1m[35mCACHE (0.0ms)[0m  SELECT  "artists".* FROM "artists" WHERE "artists"."id" = ? LIMIT 1  [["id", 64]]
  [1m[36mCACHE (0.0ms)[0m  [1mSELECT  "artists".* FROM "artists" WHERE "artists"."id" = ? LIMIT 1[0m  [["id", 81]]
  [1m[35mCACHE (0.0ms)[0m  SELECT  "artists".* FROM "artists" WHERE "artists"."id" = ? LIMIT 1  [["id", 71]]
  [1m[36mCACHE (0.0ms)[0m  [1mSELECT  "artists".* FROM "artists" WHERE "artists"."id" = ? LIMIT 1[0m  [["id", 20]]
  [1m[35mCACHE (0.0ms)[0m  SELECT  "artists".* FROM "artists" WHERE "artists"."id" = ? LIMIT 1  [["id", 17]]
  [1m[36mCACHE (0.0ms)[0m  [1mSELECT  "artists".* FROM "artists" WHERE "artists"."id" = ? LIMIT 1[0m  [["id", 93]]
  [1m[35mCACHE (0.0ms)[0m  SELECT  "artists".* FROM "artists" WHERE "artists"."id" = ? LIMIT 1  [["id", 35]]
  [1m[36mCACHE (0.0ms)[0m  [1mSELECT  "artists".* FROM "artists" WHERE "artists"."id" = ? LIMIT 1[0m  [["id", 49]]
  [1m[35mArtist Load (0.1ms)[0m  SELECT  "artists".* FROM "artists" WHERE "artists"."id" = ? LIMIT 1  [["id", 126]]
  [1m[36mCACHE (0.0ms)[0m  [1mSELECT  "artists".* FROM "artists" WHERE "artists"."id" = ? LIMIT 1[0m  [["id", 46]]
  [1m[35mCACHE (0.0ms)[0m  SELECT  "artists".* FROM "artists" WHERE "artists"."id" = ? LIMIT 1  [["id", 27]]
  [1m[36mCACHE (0.0ms)[0m  [1mSELECT  "artists".* FROM "artists" WHERE "artists"."id" = ? LIMIT 1[0m  [["id", 95]]
  [1m[35mArtist Load (0.1ms)[0m  SELECT  "artists".* FROM "artists" WHERE "artists"."id" = ? LIMIT 1  [["id", 127]]
  [1m[36mCACHE (0.0ms)[0m  [1mSELECT  "artists".* FROM "artists" WHERE "artists"."id" = ? LIMIT 1[0m  [["id", 48]]
  [1m[35mCACHE (0.0ms)[0m  SELECT  "artists".* FROM "artists" WHERE "artists"."id" = ? LIMIT 1  [["id", 73]]
  [1m[36mCACHE (0.0ms)[0m  [1mSELECT  "artists".* FROM "artists" WHERE "artists"."id" = ? LIMIT 1[0m  [["id", 17]]
  [1m[35mCACHE (0.0ms)[0m  SELECT  "artists".* FROM "artists" WHERE "artists"."id" = ? LIMIT 1  [["id", 24]]
  [1m[36mCACHE (0.0ms)[0m  [1mSELECT  "artists".* FROM "artists" WHERE "artists"."id" = ? LIMIT 1[0m  [["id", 24]]
  [1m[35mCACHE (0.0ms)[0m  SELECT  "artists".* FROM "artists" WHERE "artists"."id" = ? LIMIT 1  [["id", 49]]
  [1m[36mCACHE (0.0ms)[0m  [1mSELECT  "artists".* FROM "artists" WHERE "artists"."id" = ? LIMIT 1[0m  [["id", 127]]
  [1m[35mArtist Load (0.1ms)[0m  SELECT  "artists".* FROM "artists" WHERE "artists"."id" = ? LIMIT 1  [["id", 128]]
  [1m[36mCACHE (0.0ms)[0m  [1mSELECT  "artists".* FROM "artists" WHERE "artists"."id" = ? LIMIT 1[0m  [["id", 64]]
  [1m[35mArtist Load (0.1ms)[0m  SELECT  "artists".* FROM "artists" WHERE "artists"."id" = ? LIMIT 1  [["id", 129]]
  [1m[36mArtist Load (0.1ms)[0m  [1mSELECT  "artists".* FROM "artists" WHERE "artists"."id" = ? LIMIT 1[0m  [["id", 130]]
  [1m[35mArtist Load (0.1ms)[0m  SELECT  "artists".* FROM "artists" WHERE "artists"."id" = ? LIMIT 1  [["id", 131]]
  [1m[36mArtist Load (0.2ms)[0m  [1mSELECT  "artists".* FROM "artists" WHERE "artists"."id" = ? LIMIT 1[0m  [["id", 132]]
  [1m[35mCACHE (0.0ms)[0m  SELECT  "artists".* FROM "artists" WHERE "artists"."id" = ? LIMIT 1  [["id", 102]]
  [1m[36mCACHE (0.0ms)[0m  [1mSELECT  "artists".* FROM "artists" WHERE "artists"."id" = ? LIMIT 1[0m  [["id", 24]]
  [1m[35mCACHE (0.0ms)[0m  SELECT  "artists".* FROM "artists" WHERE "artists"."id" = ? LIMIT 1  [["id", 111]]
  [1m[36mCACHE (0.0ms)[0m  [1mSELECT  "artists".* FROM "artists" WHERE "artists"."id" = ? LIMIT 1[0m  [["id", 17]]
  [1m[35mCACHE (0.0ms)[0m  SELECT  "artists".* FROM "artists" WHERE "artists"."id" = ? LIMIT 1  [["id", 27]]
  [1m[36mCACHE (0.0ms)[0m  [1mSELECT  "artists".* FROM "artists" WHERE "artists"."id" = ? LIMIT 1[0m  [["id", 83]]
  [1m[35mCACHE (0.0ms)[0m  SELECT  "artists".* FROM "artists" WHERE "artists"."id" = ? LIMIT 1  [["id", 39]]
  [1m[36mCACHE (0.0ms)[0m  [1mSELECT  "artists".* FROM "artists" WHERE "artists"."id" = ? LIMIT 1[0m  [["id", 24]]
  [1m[35mCACHE (0.0ms)[0m  SELECT  "artists".* FROM "artists" WHERE "artists"."id" = ? LIMIT 1  [["id", 102]]
  [1m[36mCACHE (0.0ms)[0m  [1mSELECT  "artists".* FROM "artists" WHERE "artists"."id" = ? LIMIT 1[0m  [["id", 132]]
  [1m[35mCACHE (0.0ms)[0m  SELECT  "artists".* FROM "artists" WHERE "artists"."id" = ? LIMIT 1  [["id", 100]]
  [1m[36mArtist Load (0.1ms)[0m  [1mSELECT  "artists".* FROM "artists" WHERE "artists"."id" = ? LIMIT 1[0m  [["id", 133]]
  [1m[35mCACHE (0.0ms)[0m  SELECT  "artists".* FROM "artists" WHERE "artists"."id" = ? LIMIT 1  [["id", 130]]
  [1m[36mCACHE (0.0ms)[0m  [1mSELECT  "artists".* FROM "artists" WHERE "artists"."id" = ? LIMIT 1[0m  [["id", 75]]
  [1m[35mCACHE (0.0ms)[0m  SELECT  "artists".* FROM "artists" WHERE "artists"."id" = ? LIMIT 1  [["id", 27]]
  [1m[36mArtist Load (0.1ms)[0m  [1mSELECT  "artists".* FROM "artists" WHERE "artists"."id" = ? LIMIT 1[0m  [["id", 134]]
  [1m[35mCACHE (0.0ms)[0m  SELECT  "artists".* FROM "artists" WHERE "artists"."id" = ? LIMIT 1  [["id", 27]]
  [1m[36mCACHE (0.0ms)[0m  [1mSELECT  "artists".* FROM "artists" WHERE "artists"."id" = ? LIMIT 1[0m  [["id", 17]]
  [1m[35mCACHE (0.1ms)[0m  SELECT  "artists".* FROM "artists" WHERE "artists"."id" = ? LIMIT 1  [["id", 81]]
  [1m[36mArtist Load (0.1ms)[0m  [1mSELECT  "artists".* FROM "artists" WHERE "artists"."id" = ? LIMIT 1[0m  [["id", 135]]
  [1m[35mCACHE (0.0ms)[0m  SELECT  "artists".* FROM "artists" WHERE "artists"."id" = ? LIMIT 1  [["id", 87]]
  [1m[36mArtist Load (0.1ms)[0m  [1mSELECT  "artists".* FROM "artists" WHERE "artists"."id" = ? LIMIT 1[0m  [["id", 136]]
  [1m[35mCACHE (0.0ms)[0m  SELECT  "artists".* FROM "artists" WHERE "artists"."id" = ? LIMIT 1  [["id", 81]]
  [1m[36mCACHE (0.0ms)[0m  [1mSELECT  "artists".* FROM "artists" WHERE "artists"."id" = ? LIMIT 1[0m  [["id", 110]]
  [1m[35mCACHE (0.0ms)[0m  SELECT  "artists".* FROM "artists" WHERE "artists"."id" = ? LIMIT 1  [["id", 104]]
  [1m[36mCACHE (0.0ms)[0m  [1mSELECT  "artists".* FROM "artists" WHERE "artists"."id" = ? LIMIT 1[0m  [["id", 10]]
  [1m[35mCACHE (0.0ms)[0m  SELECT  "artists".* FROM "artists" WHERE "artists"."id" = ? LIMIT 1  [["id", 39]]
  [1m[36mCACHE (0.0ms)[0m  [1mSELECT  "artists".* FROM "artists" WHERE "artists"."id" = ? LIMIT 1[0m  [["id", 134]]
  [1m[35mCACHE (0.0ms)[0m  SELECT  "artists".* FROM "artists" WHERE "artists"."id" = ? LIMIT 1  [["id", 86]]
  [1m[36mCACHE (0.0ms)[0m  [1mSELECT  "artists".* FROM "artists" WHERE "artists"."id" = ? LIMIT 1[0m  [["id", 94]]
  [1m[35mArtist Load (0.2ms)[0m  SELECT  "artists".* FROM "artists" WHERE "artists"."id" = ? LIMIT 1  [["id", 137]]
  [1m[36mCACHE (0.0ms)[0m  [1mSELECT  "artists".* FROM "artists" WHERE "artists"."id" = ? LIMIT 1[0m  [["id", 73]]
  [1m[35mArtist Load (0.1ms)[0m  SELECT  "artists".* FROM "artists" WHERE "artists"."id" = ? LIMIT 1  [["id", 138]]
  [1m[36mCACHE (0.0ms)[0m  [1mSELECT  "artists".* FROM "artists" WHERE "artists"."id" = ? LIMIT 1[0m  [["id", 44]]
  [1m[35mCACHE (0.0ms)[0m  SELECT  "artists".* FROM "artists" WHERE "artists"."id" = ? LIMIT 1  [["id", 45]]
  [1m[36mCACHE (0.0ms)[0m  [1mSELECT  "artists".* FROM "artists" WHERE "artists"."id" = ? LIMIT 1[0m  [["id", 62]]
  [1m[35mCACHE (0.0ms)[0m  SELECT  "artists".* FROM "artists" WHERE "artists"."id" = ? LIMIT 1  [["id", 58]]
  [1m[36mCACHE (0.0ms)[0m  [1mSELECT  "artists".* FROM "artists" WHERE "artists"."id" = ? LIMIT 1[0m  [["id", 78]]
  [1m[35mCACHE (0.0ms)[0m  SELECT  "artists".* FROM "artists" WHERE "artists"."id" = ? LIMIT 1  [["id", 42]]
  [1m[36mCACHE (0.0ms)[0m  [1mSELECT  "artists".* FROM "artists" WHERE "artists"."id" = ? LIMIT 1[0m  [["id", 25]]
  [1m[35mCACHE (0.0ms)[0m  SELECT  "artists".* FROM "artists" WHERE "artists"."id" = ? LIMIT 1  [["id", 81]]
  [1m[36mCACHE (0.0ms)[0m  [1mSELECT  "artists".* FROM "artists" WHERE "artists"."id" = ? LIMIT 1[0m  [["id", 13]]
  [1m[35mCACHE (0.0ms)[0m  SELECT  "artists".* FROM "artists" WHERE "artists"."id" = ? LIMIT 1  [["id", 19]]
  [1m[36mArtist Load (0.1ms)[0m  [1mSELECT  "artists".* FROM "artists" WHERE "artists"."id" = ? LIMIT 1[0m  [["id", 139]]
  [1m[35mCACHE (0.0ms)[0m  SELECT  "artists".* FROM "artists" WHERE "artists"."id" = ? LIMIT 1  [["id", 43]]
  [1m[36mCACHE (0.0ms)[0m  [1mSELECT  "artists".* FROM "artists" WHERE "artists"."id" = ? LIMIT 1[0m  [["id", 58]]
  [1m[35mArtist Load (0.1ms)[0m  SELECT  "artists".* FROM "artists" WHERE "artists"."id" = ? LIMIT 1  [["id", 140]]
  [1m[36mCACHE (0.0ms)[0m  [1mSELECT  "artists".* FROM "artists" WHERE "artists"."id" = ? LIMIT 1[0m  [["id", 14]]
  [1m[35mCACHE (0.0ms)[0m  SELECT  "artists".* FROM "artists" WHERE "artists"."id" = ? LIMIT 1  [["id", 25]]
  [1m[36mCACHE (0.0ms)[0m  [1mSELECT  "artists".* FROM "artists" WHERE "artists"."id" = ? LIMIT 1[0m  [["id", 96]]
  [1m[35mCACHE (0.0ms)[0m  SELECT  "artists".* FROM "artists" WHERE "artists"."id" = ? LIMIT 1  [["id", 44]]
  [1m[36mCACHE (0.0ms)[0m  [1mSELECT  "artists".* FROM "artists" WHERE "artists"."id" = ? LIMIT 1[0m  [["id", 26]]
  [1m[35mCACHE (0.0ms)[0m  SELECT  "artists".* FROM "artists" WHERE "artists"."id" = ? LIMIT 1  [["id", 137]]
  [1m[36mCACHE (0.0ms)[0m  [1mSELECT  "artists".* FROM "artists" WHERE "artists"."id" = ? LIMIT 1[0m  [["id", 62]]
  [1m[35mCACHE (0.0ms)[0m  SELECT  "artists".* FROM "artists" WHERE "artists"."id" = ? LIMIT 1  [["id", 44]]
  [1m[36mCACHE (0.0ms)[0m  [1mSELECT  "artists".* FROM "artists" WHERE "artists"."id" = ? LIMIT 1[0m  [["id", 72]]
  [1m[35mArtist Load (0.1ms)[0m  SELECT  "artists".* FROM "artists" WHERE "artists"."id" = ? LIMIT 1  [["id", 141]]
  [1m[36mArtist Load (0.1ms)[0m  [1mSELECT  "artists".* FROM "artists" WHERE "artists"."id" = ? LIMIT 1[0m  [["id", 142]]
  [1m[35mArtist Load (0.1ms)[0m  SELECT  "artists".* FROM "artists" WHERE "artists"."id" = ? LIMIT 1  [["id", 143]]
  [1m[36mCACHE (0.0ms)[0m  [1mSELECT  "artists".* FROM "artists" WHERE "artists"."id" = ? LIMIT 1[0m  [["id", 7]]
  [1m[35mCACHE (0.0ms)[0m  SELECT  "artists".* FROM "artists" WHERE "artists"."id" = ? LIMIT 1  [["id", 39]]
  [1m[36mCACHE (0.0ms)[0m  [1mSELECT  "artists".* FROM "artists" WHERE "artists"."id" = ? LIMIT 1[0m  [["id", 111]]
  [1m[35mCACHE (0.0ms)[0m  SELECT  "artists".* FROM "artists" WHERE "artists"."id" = ? LIMIT 1  [["id", 13]]
  [1m[36mCACHE (0.0ms)[0m  [1mSELECT  "artists".* FROM "artists" WHERE "artists"."id" = ? LIMIT 1[0m  [["id", 125]]
  [1m[35mCACHE (0.0ms)[0m  SELECT  "artists".* FROM "artists" WHERE "artists"."id" = ? LIMIT 1  [["id", 14]]
  [1m[36mArtist Load (0.1ms)[0m  [1mSELECT  "artists".* FROM "artists" WHERE "artists"."id" = ? LIMIT 1[0m  [["id", 144]]
  [1m[35mCACHE (0.0ms)[0m  SELECT  "artists".* FROM "artists" WHERE "artists"."id" = ? LIMIT 1  [["id", 27]]
  [1m[36mCACHE (0.0ms)[0m  [1mSELECT  "artists".* FROM "artists" WHERE "artists"."id" = ? LIMIT 1[0m  [["id", 118]]
  [1m[35mCACHE (0.0ms)[0m  SELECT  "artists".* FROM "artists" WHERE "artists"."id" = ? LIMIT 1  [["id", 81]]
  [1m[36mCACHE (0.0ms)[0m  [1mSELECT  "artists".* FROM "artists" WHERE "artists"."id" = ? LIMIT 1[0m  [["id", 139]]
  [1m[35mCACHE (0.0ms)[0m  SELECT  "artists".* FROM "artists" WHERE "artists"."id" = ? LIMIT 1  [["id", 120]]
  [1m[36mArtist Load (0.1ms)[0m  [1mSELECT  "artists".* FROM "artists" WHERE "artists"."id" = ? LIMIT 1[0m  [["id", 145]]
  [1m[35mArtist Load (0.1ms)[0m  SELECT  "artists".* FROM "artists" WHERE "artists"."id" = ? LIMIT 1  [["id", 146]]
  [1m[36mCACHE (0.0ms)[0m  [1mSELECT  "artists".* FROM "artists" WHERE "artists"."id" = ? LIMIT 1[0m  [["id", 136]]
  [1m[35mCACHE (0.0ms)[0m  SELECT  "artists".* FROM "artists" WHERE "artists"."id" = ? LIMIT 1  [["id", 24]]
  [1m[36mCACHE (0.0ms)[0m  [1mSELECT  "artists".* FROM "artists" WHERE "artists"."id" = ? LIMIT 1[0m  [["id", 60]]
  [1m[35mCACHE (0.0ms)[0m  SELECT  "artists".* FROM "artists" WHERE "artists"."id" = ? LIMIT 1  [["id", 46]]
  [1m[36mCACHE (0.0ms)[0m  [1mSELECT  "artists".* FROM "artists" WHERE "artists"."id" = ? LIMIT 1[0m  [["id", 64]]
  [1m[35mArtist Load (0.1ms)[0m  SELECT  "artists".* FROM "artists" WHERE "artists"."id" = ? LIMIT 1  [["id", 147]]
  [1m[36mCACHE (0.0ms)[0m  [1mSELECT  "artists".* FROM "artists" WHERE "artists"."id" = ? LIMIT 1[0m  [["id", 27]]
  [1m[35mCACHE (0.0ms)[0m  SELECT  "artists".* FROM "artists" WHERE "artists"."id" = ? LIMIT 1  [["id", 62]]
  [1m[36mArtist Load (0.1ms)[0m  [1mSELECT  "artists".* FROM "artists" WHERE "artists"."id" = ? LIMIT 1[0m  [["id", 148]]
  [1m[35mCACHE (0.0ms)[0m  SELECT  "artists".* FROM "artists" WHERE "artists"."id" = ? LIMIT 1  [["id", 38]]
  [1m[36mCACHE (0.0ms)[0m  [1mSELECT  "artists".* FROM "artists" WHERE "artists"."id" = ? LIMIT 1[0m  [["id", 126]]
  [1m[35mCACHE (0.0ms)[0m  SELECT  "artists".* FROM "artists" WHERE "artists"."id" = ? LIMIT 1  [["id", 38]]
  [1m[36mCACHE (0.0ms)[0m  [1mSELECT  "artists".* FROM "artists" WHERE "artists"."id" = ? LIMIT 1[0m  [["id", 40]]
  [1m[35mCACHE (0.0ms)[0m  SELECT  "artists".* FROM "artists" WHERE "artists"."id" = ? LIMIT 1  [["id", 74]]
  [1m[36mArtist Load (0.1ms)[0m  [1mSELECT  "artists".* FROM "artists" WHERE "artists"."id" = ? LIMIT 1[0m  [["id", 149]]
  [1m[35mCACHE (0.0ms)[0m  SELECT  "artists".* FROM "artists" WHERE "artists"."id" = ? LIMIT 1  [["id", 94]]
  [1m[36mCACHE (0.0ms)[0m  [1mSELECT  "artists".* FROM "artists" WHERE "artists"."id" = ? LIMIT 1[0m  [["id", 27]]
  [1m[35mCACHE (0.0ms)[0m  SELECT  "artists".* FROM "artists" WHERE "artists"."id" = ? LIMIT 1  [["id", 50]]
  [1m[36mCACHE (0.0ms)[0m  [1mSELECT  "artists".* FROM "artists" WHERE "artists"."id" = ? LIMIT 1[0m  [["id", 98]]
  [1m[35mCACHE (0.1ms)[0m  SELECT  "artists".* FROM "artists" WHERE "artists"."id" = ? LIMIT 1  [["id", 82]]
  [1m[36mCACHE (0.0ms)[0m  [1mSELECT  "artists".* FROM "artists" WHERE "artists"."id" = ? LIMIT 1[0m  [["id", 126]]
  [1m[35mCACHE (0.0ms)[0m  SELECT  "artists".* FROM "artists" WHERE "artists"."id" = ? LIMIT 1  [["id", 43]]
  [1m[36mCACHE (0.0ms)[0m  [1mSELECT  "artists".* FROM "artists" WHERE "artists"."id" = ? LIMIT 1[0m  [["id", 64]]
  [1m[35mCACHE (0.0ms)[0m  SELECT  "artists".* FROM "artists" WHERE "artists"."id" = ? LIMIT 1  [["id", 46]]
  [1m[36mCACHE (0.0ms)[0m  [1mSELECT  "artists".* FROM "artists" WHERE "artists"."id" = ? LIMIT 1[0m  [["id", 30]]
  [1m[35mArtist Load (0.1ms)[0m  SELECT  "artists".* FROM "artists" WHERE "artists"."id" = ? LIMIT 1  [["id", 150]]
  [1m[36mCACHE (0.0ms)[0m  [1mSELECT  "artists".* FROM "artists" WHERE "artists"."id" = ? LIMIT 1[0m  [["id", 81]]
  [1m[35mCACHE (0.0ms)[0m  SELECT  "artists".* FROM "artists" WHERE "artists"."id" = ? LIMIT 1  [["id", 45]]
  [1m[36mCACHE (0.0ms)[0m  [1mSELECT  "artists".* FROM "artists" WHERE "artists"."id" = ? LIMIT 1[0m  [["id", 126]]
  [1m[35mCACHE (0.0ms)[0m  SELECT  "artists".* FROM "artists" WHERE "artists"."id" = ? LIMIT 1  [["id", 21]]
  [1m[36mCACHE (0.0ms)[0m  [1mSELECT  "artists".* FROM "artists" WHERE "artists"."id" = ? LIMIT 1[0m  [["id", 99]]
  [1m[35mCACHE (0.0ms)[0m  SELECT  "artists".* FROM "artists" WHERE "artists"."id" = ? LIMIT 1  [["id", 31]]
  [1m[36mCACHE (0.0ms)[0m  [1mSELECT  "artists".* FROM "artists" WHERE "artists"."id" = ? LIMIT 1[0m  [["id", 26]]
  [1m[35mArtist Load (0.1ms)[0m  SELECT  "artists".* FROM "artists" WHERE "artists"."id" = ? LIMIT 1  [["id", 151]]
  [1m[36mCACHE (0.0ms)[0m  [1mSELECT  "artists".* FROM "artists" WHERE "artists"."id" = ? LIMIT 1[0m  [["id", 85]]
  [1m[35mCACHE (0.0ms)[0m  SELECT  "artists".* FROM "artists" WHERE "artists"."id" = ? LIMIT 1  [["id", 42]]
  [1m[36mArtist Load (0.1ms)[0m  [1mSELECT  "artists".* FROM "artists" WHERE "artists"."id" = ? LIMIT 1[0m  [["id", 152]]
  [1m[35mCACHE (0.0ms)[0m  SELECT  "artists".* FROM "artists" WHERE "artists"."id" = ? LIMIT 1  [["id", 14]]
  [1m[36mCACHE (0.0ms)[0m  [1mSELECT  "artists".* FROM "artists" WHERE "artists"."id" = ? LIMIT 1[0m  [["id", 129]]
  [1m[35mCACHE (0.0ms)[0m  SELECT  "artists".* FROM "artists" WHERE "artists"."id" = ? LIMIT 1  [["id", 17]]
  [1m[36mCACHE (0.0ms)[0m  [1mSELECT  "artists".* FROM "artists" WHERE "artists"."id" = ? LIMIT 1[0m  [["id", 103]]
  [1m[35mCACHE (0.0ms)[0m  SELECT  "artists".* FROM "artists" WHERE "artists"."id" = ? LIMIT 1  [["id", 95]]
  [1m[36mCACHE (0.0ms)[0m  [1mSELECT  "artists".* FROM "artists" WHERE "artists"."id" = ? LIMIT 1[0m  [["id", 66]]
  [1m[35mCACHE (0.0ms)[0m  SELECT  "artists".* FROM "artists" WHERE "artists"."id" = ? LIMIT 1  [["id", 102]]
  [1m[36mCACHE (0.0ms)[0m  [1mSELECT  "artists".* FROM "artists" WHERE "artists"."id" = ? LIMIT 1[0m  [["id", 55]]
  [1m[35mCACHE (0.0ms)[0m  SELECT  "artists".* FROM "artists" WHERE "artists"."id" = ? LIMIT 1  [["id", 31]]
  [1m[36mArtist Load (0.1ms)[0m  [1mSELECT  "artists".* FROM "artists" WHERE "artists"."id" = ? LIMIT 1[0m  [["id", 153]]
  [1m[35mCACHE (0.0ms)[0m  SELECT  "artists".* FROM "artists" WHERE "artists"."id" = ? LIMIT 1  [["id", 147]]
  [1m[36mCACHE (0.0ms)[0m  [1mSELECT  "artists".* FROM "artists" WHERE "artists"."id" = ? LIMIT 1[0m  [["id", 22]]
  [1m[35mCACHE (0.0ms)[0m  SELECT  "artists".* FROM "artists" WHERE "artists"."id" = ? LIMIT 1  [["id", 9]]
  [1m[36mCACHE (0.0ms)[0m  [1mSELECT  "artists".* FROM "artists" WHERE "artists"."id" = ? LIMIT 1[0m  [["id", 139]]
  [1m[35mArtist Load (0.1ms)[0m  SELECT  "artists".* FROM "artists" WHERE "artists"."id" = ? LIMIT 1  [["id", 154]]
  [1m[36mCACHE (0.0ms)[0m  [1mSELECT  "artists".* FROM "artists" WHERE "artists"."id" = ? LIMIT 1[0m  [["id", 24]]
  [1m[35mCACHE (0.0ms)[0m  SELECT  "artists".* FROM "artists" WHERE "artists"."id" = ? LIMIT 1  [["id", 81]]
  [1m[36mCACHE (0.0ms)[0m  [1mSELECT  "artists".* FROM "artists" WHERE "artists"."id" = ? LIMIT 1[0m  [["id", 65]]
  [1m[35mCACHE (0.0ms)[0m  SELECT  "artists".* FROM "artists" WHERE "artists"."id" = ? LIMIT 1  [["id", 17]]
  [1m[36mCACHE (0.0ms)[0m  [1mSELECT  "artists".* FROM "artists" WHERE "artists"."id" = ? LIMIT 1[0m  [["id", 126]]
  [1m[35mCACHE (0.0ms)[0m  SELECT  "artists".* FROM "artists" WHERE "artists"."id" = ? LIMIT 1  [["id", 33]]
  [1m[36mCACHE (0.0ms)[0m  [1mSELECT  "artists".* FROM "artists" WHERE "artists"."id" = ? LIMIT 1[0m  [["id", 94]]
  [1m[35mCACHE (0.0ms)[0m  SELECT  "artists".* FROM "artists" WHERE "artists"."id" = ? LIMIT 1  [["id", 28]]
  [1m[36mCACHE (0.0ms)[0m  [1mSELECT  "artists".* FROM "artists" WHERE "artists"."id" = ? LIMIT 1[0m  [["id", 50]]
  [1m[35mCACHE (0.0ms)[0m  SELECT  "artists".* FROM "artists" WHERE "artists"."id" = ? LIMIT 1  [["id", 79]]
  [1m[36mCACHE (0.0ms)[0m  [1mSELECT  "artists".* FROM "artists" WHERE "artists"."id" = ? LIMIT 1[0m  [["id", 94]]
  [1m[35mCACHE (0.0ms)[0m  SELECT  "artists".* FROM "artists" WHERE "artists"."id" = ? LIMIT 1  [["id", 151]]
  [1m[36mCACHE (0.0ms)[0m  [1mSELECT  "artists".* FROM "artists" WHERE "artists"."id" = ? LIMIT 1[0m  [["id", 132]]
  [1m[35mCACHE (0.0ms)[0m  SELECT  "artists".* FROM "artists" WHERE "artists"."id" = ? LIMIT 1  [["id", 17]]
  [1m[36mCACHE (0.0ms)[0m  [1mSELECT  "artists".* FROM "artists" WHERE "artists"."id" = ? LIMIT 1[0m  [["id", 50]]
  [1m[35mArtist Load (0.1ms)[0m  SELECT  "artists".* FROM "artists" WHERE "artists"."id" = ? LIMIT 1  [["id", 155]]
  [1m[36mCACHE (0.0ms)[0m  [1mSELECT  "artists".* FROM "artists" WHERE "artists"."id" = ? LIMIT 1[0m  [["id", 15]]
  [1m[35mCACHE (0.0ms)[0m  SELECT  "artists".* FROM "artists" WHERE "artists"."id" = ? LIMIT 1  [["id", 31]]
  [1m[36mCACHE (0.0ms)[0m  [1mSELECT  "artists".* FROM "artists" WHERE "artists"."id" = ? LIMIT 1[0m  [["id", 48]]
  [1m[35mArtist Load (0.1ms)[0m  SELECT  "artists".* FROM "artists" WHERE "artists"."id" = ? LIMIT 1  [["id", 156]]
  [1m[36mCACHE (0.0ms)[0m  [1mSELECT  "artists".* FROM "artists" WHERE "artists"."id" = ? LIMIT 1[0m  [["id", 86]]
  [1m[35mCACHE (0.0ms)[0m  SELECT  "artists".* FROM "artists" WHERE "artists"."id" = ? LIMIT 1  [["id", 17]]
  [1m[36mArtist Load (0.1ms)[0m  [1mSELECT  "artists".* FROM "artists" WHERE "artists"."id" = ? LIMIT 1[0m  [["id", 157]]
  [1m[35mCACHE (0.0ms)[0m  SELECT  "artists".* FROM "artists" WHERE "artists"."id" = ? LIMIT 1  [["id", 16]]
  [1m[36mCACHE (0.0ms)[0m  [1mSELECT  "artists".* FROM "artists" WHERE "artists"."id" = ? LIMIT 1[0m  [["id", 22]]
  [1m[35mCACHE (0.0ms)[0m  SELECT  "artists".* FROM "artists" WHERE "artists"."id" = ? LIMIT 1  [["id", 33]]
  [1m[36mCACHE (0.0ms)[0m  [1mSELECT  "artists".* FROM "artists" WHERE "artists"."id" = ? LIMIT 1[0m  [["id", 17]]
  [1m[35mCACHE (0.0ms)[0m  SELECT  "artists".* FROM "artists" WHERE "artists"."id" = ? LIMIT 1  [["id", 76]]
  [1m[36mCACHE (0.0ms)[0m  [1mSELECT  "artists".* FROM "artists" WHERE "artists"."id" = ? LIMIT 1[0m  [["id", 10]]
  [1m[35mCACHE (0.0ms)[0m  SELECT  "artists".* FROM "artists" WHERE "artists"."id" = ? LIMIT 1  [["id", 85]]
  [1m[36mCACHE (0.0ms)[0m  [1mSELECT  "artists".* FROM "artists" WHERE "artists"."id" = ? LIMIT 1[0m  [["id", 121]]
  [1m[35mCACHE (0.0ms)[0m  SELECT  "artists".* FROM "artists" WHERE "artists"."id" = ? LIMIT 1  [["id", 50]]
  [1m[36mCACHE (0.0ms)[0m  [1mSELECT  "artists".* FROM "artists" WHERE "artists"."id" = ? LIMIT 1[0m  [["id", 84]]
  [1m[35mCACHE (0.0ms)[0m  SELECT  "artists".* FROM "artists" WHERE "artists"."id" = ? LIMIT 1  [["id", 8]]
  [1m[36mCACHE (0.0ms)[0m  [1mSELECT  "artists".* FROM "artists" WHERE "artists"."id" = ? LIMIT 1[0m  [["id", 75]]
  [1m[35mCACHE (0.0ms)[0m  SELECT  "artists".* FROM "artists" WHERE "artists"."id" = ? LIMIT 1  [["id", 139]]
  [1m[36mCACHE (0.0ms)[0m  [1mSELECT  "artists".* FROM "artists" WHERE "artists"."id" = ? LIMIT 1[0m  [["id", 75]]
  [1m[35mCACHE (0.0ms)[0m  SELECT  "artists".* FROM "artists" WHERE "artists"."id" = ? LIMIT 1  [["id", 149]]
  [1m[36mCACHE (0.0ms)[0m  [1mSELECT  "artists".* FROM "artists" WHERE "artists"."id" = ? LIMIT 1[0m  [["id", 27]]
  [1m[35mCACHE (0.0ms)[0m  SELECT  "artists".* FROM "artists" WHERE "artists"."id" = ? LIMIT 1  [["id", 31]]
  [1m[36mCACHE (0.0ms)[0m  [1mSELECT  "artists".* FROM "artists" WHERE "artists"."id" = ? LIMIT 1[0m  [["id", 50]]
  [1m[35mCACHE (0.0ms)[0m  SELECT  "artists".* FROM "artists" WHERE "artists"."id" = ? LIMIT 1  [["id", 31]]
  [1m[36mCACHE (0.0ms)[0m  [1mSELECT  "artists".* FROM "artists" WHERE "artists"."id" = ? LIMIT 1[0m  [["id", 125]]
  [1m[35mCACHE (0.0ms)[0m  SELECT  "artists".* FROM "artists" WHERE "artists"."id" = ? LIMIT 1  [["id", 63]]
  [1m[36mCACHE (0.0ms)[0m  [1mSELECT  "artists".* FROM "artists" WHERE "artists"."id" = ? LIMIT 1[0m  [["id", 16]]
  [1m[35mCACHE (0.0ms)[0m  SELECT  "artists".* FROM "artists" WHERE "artists"."id" = ? LIMIT 1  [["id", 24]]
  [1m[36mCACHE (0.0ms)[0m  [1mSELECT  "artists".* FROM "artists" WHERE "artists"."id" = ? LIMIT 1[0m  [["id", 102]]
  [1m[35mCACHE (0.0ms)[0m  SELECT  "artists".* FROM "artists" WHERE "artists"."id" = ? LIMIT 1  [["id", 74]]
  [1m[36mCACHE (0.0ms)[0m  [1mSELECT  "artists".* FROM "artists" WHERE "artists"."id" = ? LIMIT 1[0m  [["id", 24]]
  [1m[35mCACHE (0.0ms)[0m  SELECT  "artists".* FROM "artists" WHERE "artists"."id" = ? LIMIT 1  [["id", 86]]
  [1m[36mCACHE (0.0ms)[0m  [1mSELECT  "artists".* FROM "artists" WHERE "artists"."id" = ? LIMIT 1[0m  [["id", 73]]
  [1m[35mArtist Load (0.1ms)[0m  SELECT  "artists".* FROM "artists" WHERE "artists"."id" = ? LIMIT 1  [["id", 158]]
  [1m[36mCACHE (0.0ms)[0m  [1mSELECT  "artists".* FROM "artists" WHERE "artists"."id" = ? LIMIT 1[0m  [["id", 64]]
  [1m[35mCACHE (0.0ms)[0m  SELECT  "artists".* FROM "artists" WHERE "artists"."id" = ? LIMIT 1  [["id", 50]]
  [1m[36mCACHE (0.0ms)[0m  [1mSELECT  "artists".* FROM "artists" WHERE "artists"."id" = ? LIMIT 1[0m  [["id", 150]]
  [1m[35mCACHE (0.0ms)[0m  SELECT  "artists".* FROM "artists" WHERE "artists"."id" = ? LIMIT 1  [["id", 131]]
  [1m[36mCACHE (0.0ms)[0m  [1mSELECT  "artists".* FROM "artists" WHERE "artists"."id" = ? LIMIT 1[0m  [["id", 73]]
  [1m[35mCACHE (0.0ms)[0m  SELECT  "artists".* FROM "artists" WHERE "artists"."id" = ? LIMIT 1  [["id", 121]]
  [1m[36mCACHE (0.0ms)[0m  [1mSELECT  "artists".* FROM "artists" WHERE "artists"."id" = ? LIMIT 1[0m  [["id", 29]]
  [1m[35mArtist Load (0.1ms)[0m  SELECT  "artists".* FROM "artists" WHERE "artists"."id" = ? LIMIT 1  [["id", 159]]
  [1m[36mCACHE (0.0ms)[0m  [1mSELECT  "artists".* FROM "artists" WHERE "artists"."id" = ? LIMIT 1[0m  [["id", 50]]
  [1m[35mCACHE (0.0ms)[0m  SELECT  "artists".* FROM "artists" WHERE "artists"."id" = ? LIMIT 1  [["id", 42]]
  [1m[36mCACHE (0.0ms)[0m  [1mSELECT  "artists".* FROM "artists" WHERE "artists"."id" = ? LIMIT 1[0m  [["id", 30]]
  [1m[35mArtist Load (0.1ms)[0m  SELECT  "artists".* FROM "artists" WHERE "artists"."id" = ? LIMIT 1  [["id", 160]]
  [1m[36mCACHE (0.0ms)[0m  [1mSELECT  "artists".* FROM "artists" WHERE "artists"."id" = ? LIMIT 1[0m  [["id", 38]]
  [1m[35mArtist Load (0.1ms)[0m  SELECT  "artists".* FROM "artists" WHERE "artists"."id" = ? LIMIT 1  [["id", 161]]
  [1m[36mCACHE (0.0ms)[0m  [1mSELECT  "artists".* FROM "artists" WHERE "artists"."id" = ? LIMIT 1[0m  [["id", 7]]
  [1m[35mCACHE (0.0ms)[0m  SELECT  "artists".* FROM "artists" WHERE "artists"."id" = ? LIMIT 1  [["id", 148]]
  [1m[36mCACHE (0.0ms)[0m  [1mSELECT  "artists".* FROM "artists" WHERE "artists"."id" = ? LIMIT 1[0m  [["id", 79]]
  [1m[35mArtist Load (0.1ms)[0m  SELECT  "artists".* FROM "artists" WHERE "artists"."id" = ? LIMIT 1  [["id", 162]]
  [1m[36mCACHE (0.0ms)[0m  [1mSELECT  "artists".* FROM "artists" WHERE "artists"."id" = ? LIMIT 1[0m  [["id", 40]]
  [1m[35mCACHE (0.0ms)[0m  SELECT  "artists".* FROM "artists" WHERE "artists"."id" = ? LIMIT 1  [["id", 38]]
  [1m[36mCACHE (0.0ms)[0m  [1mSELECT  "artists".* FROM "artists" WHERE "artists"."id" = ? LIMIT 1[0m  [["id", 65]]
  [1m[35mCACHE (0.0ms)[0m  SELECT  "artists".* FROM "artists" WHERE "artists"."id" = ? LIMIT 1  [["id", 53]]
  [1m[36mCACHE (0.0ms)[0m  [1mSELECT  "artists".* FROM "artists" WHERE "artists"."id" = ? LIMIT 1[0m  [["id", 87]]
  [1m[35mCACHE (0.0ms)[0m  SELECT  "artists".* FROM "artists" WHERE "artists"."id" = ? LIMIT 1  [["id", 145]]
  [1m[36mCACHE (0.0ms)[0m  [1mSELECT  "artists".* FROM "artists" WHERE "artists"."id" = ? LIMIT 1[0m  [["id", 140]]
  [1m[35mCACHE (0.0ms)[0m  SELECT  "artists".* FROM "artists" WHERE "artists"."id" = ? LIMIT 1  [["id", 27]]
  [1m[36mArtist Load (0.1ms)[0m  [1mSELECT  "artists".* FROM "artists" WHERE "artists"."id" = ? LIMIT 1[0m  [["id", 163]]
  [1m[35mCACHE (0.0ms)[0m  SELECT  "artists".* FROM "artists" WHERE "artists"."id" = ? LIMIT 1  [["id", 140]]
  [1m[36mCACHE (0.0ms)[0m  [1mSELECT  "artists".* FROM "artists" WHERE "artists"."id" = ? LIMIT 1[0m  [["id", 42]]
  [1m[35mCACHE (0.0ms)[0m  SELECT  "artists".* FROM "artists" WHERE "artists"."id" = ? LIMIT 1  [["id", 76]]
  [1m[36mCACHE (0.0ms)[0m  [1mSELECT  "artists".* FROM "artists" WHERE "artists"."id" = ? LIMIT 1[0m  [["id", 148]]
  [1m[35mCACHE (0.0ms)[0m  SELECT  "artists".* FROM "artists" WHERE "artists"."id" = ? LIMIT 1  [["id", 107]]
  [1m[36mCACHE (0.0ms)[0m  [1mSELECT  "artists".* FROM "artists" WHERE "artists"."id" = ? LIMIT 1[0m  [["id", 20]]
  [1m[35mCACHE (0.0ms)[0m  SELECT  "artists".* FROM "artists" WHERE "artists"."id" = ? LIMIT 1  [["id", 17]]
  [1m[36mCACHE (0.0ms)[0m  [1mSELECT  "artists".* FROM "artists" WHERE "artists"."id" = ? LIMIT 1[0m  [["id", 84]]
  [1m[35mCACHE (0.0ms)[0m  SELECT  "artists".* FROM "artists" WHERE "artists"."id" = ? LIMIT 1  [["id", 17]]
  [1m[36mCACHE (0.0ms)[0m  [1mSELECT  "artists".* FROM "artists" WHERE "artists"."id" = ? LIMIT 1[0m  [["id", 154]]
  [1m[35mCACHE (0.0ms)[0m  SELECT  "artists".* FROM "artists" WHERE "artists"."id" = ? LIMIT 1  [["id", 33]]
  [1m[36mCACHE (0.0ms)[0m  [1mSELECT  "artists".* FROM "artists" WHERE "artists"."id" = ? LIMIT 1[0m  [["id", 56]]
  [1m[35mCACHE (0.0ms)[0m  SELECT  "artists".* FROM "artists" WHERE "artists"."id" = ? LIMIT 1  [["id", 78]]
  [1m[36mCACHE (0.0ms)[0m  [1mSELECT  "artists".* FROM "artists" WHERE "artists"."id" = ? LIMIT 1[0m  [["id", 32]]
  [1m[35mCACHE (0.0ms)[0m  SELECT  "artists".* FROM "artists" WHERE "artists"."id" = ? LIMIT 1  [["id", 10]]
  [1m[36mArtist Load (0.1ms)[0m  [1mSELECT  "artists".* FROM "artists" WHERE "artists"."id" = ? LIMIT 1[0m  [["id", 164]]
  [1m[35mCACHE (0.0ms)[0m  SELECT  "artists".* FROM "artists" WHERE "artists"."id" = ? LIMIT 1  [["id", 62]]
  [1m[36mCACHE (0.0ms)[0m  [1mSELECT  "artists".* FROM "artists" WHERE "artists"."id" = ? LIMIT 1[0m  [["id", 27]]
  [1m[35mArtist Load (0.1ms)[0m  SELECT  "artists".* FROM "artists" WHERE "artists"."id" = ? LIMIT 1  [["id", 165]]
  [1m[36mCACHE (0.0ms)[0m  [1mSELECT  "artists".* FROM "artists" WHERE "artists"."id" = ? LIMIT 1[0m  [["id", 59]]
  [1m[35mArtist Load (0.1ms)[0m  SELECT  "artists".* FROM "artists" WHERE "artists"."id" = ? LIMIT 1  [["id", 166]]
  [1m[36mCACHE (0.0ms)[0m  [1mSELECT  "artists".* FROM "artists" WHERE "artists"."id" = ? LIMIT 1[0m  [["id", 31]]
  [1m[35mCACHE (0.0ms)[0m  SELECT  "artists".* FROM "artists" WHERE "artists"."id" = ? LIMIT 1  [["id", 50]]
  [1m[36mArtist Load (0.1ms)[0m  [1mSELECT  "artists".* FROM "artists" WHERE "artists"."id" = ? LIMIT 1[0m  [["id", 167]]
  [1m[35mCACHE (0.0ms)[0m  SELECT  "artists".* FROM "artists" WHERE "artists"."id" = ? LIMIT 1  [["id", 99]]
  [1m[36mCACHE (0.0ms)[0m  [1mSELECT  "artists".* FROM "artists" WHERE "artists"."id" = ? LIMIT 1[0m  [["id", 70]]
  [1m[35mCACHE (0.0ms)[0m  SELECT  "artists".* FROM "artists" WHERE "artists"."id" = ? LIMIT 1  [["id", 10]]
  [1m[36mCACHE (0.0ms)[0m  [1mSELECT  "artists".* FROM "artists" WHERE "artists"."id" = ? LIMIT 1[0m  [["id", 24]]
  [1m[35mCACHE (0.0ms)[0m  SELECT  "artists".* FROM "artists" WHERE "artists"."id" = ? LIMIT 1  [["id", 39]]
  [1m[36mArtist Load (0.2ms)[0m  [1mSELECT  "artists".* FROM "artists" WHERE "artists"."id" = ? LIMIT 1[0m  [["id", 168]]
  [1m[35mCACHE (0.0ms)[0m  SELECT  "artists".* FROM "artists" WHERE "artists"."id" = ? LIMIT 1  [["id", 78]]
  [1m[36mCACHE (0.1ms)[0m  [1mSELECT  "artists".* FROM "artists" WHERE "artists"."id" = ? LIMIT 1[0m  [["id", 30]]
  [1m[35mCACHE (0.0ms)[0m  SELECT  "artists".* FROM "artists" WHERE "artists"."id" = ? LIMIT 1  [["id", 44]]
  [1m[36mArtist Load (0.1ms)[0m  [1mSELECT  "artists".* FROM "artists" WHERE "artists"."id" = ? LIMIT 1[0m  [["id", 169]]
  [1m[35mCACHE (0.0ms)[0m  SELECT  "artists".* FROM "artists" WHERE "artists"."id" = ? LIMIT 1  [["id", 27]]
  [1m[36mCACHE (0.0ms)[0m  [1mSELECT  "artists".* FROM "artists" WHERE "artists"."id" = ? LIMIT 1[0m  [["id", 111]]
  [1m[35mCACHE (0.0ms)[0m  SELECT  "artists".* FROM "artists" WHERE "artists"."id" = ? LIMIT 1  [["id", 25]]
  [1m[36mCACHE (0.0ms)[0m  [1mSELECT  "artists".* FROM "artists" WHERE "artists"."id" = ? LIMIT 1[0m  [["id", 13]]
  [1m[35mCACHE (0.0ms)[0m  SELECT  "artists".* FROM "artists" WHERE "artists"."id" = ? LIMIT 1  [["id", 75]]
  [1m[36mCACHE (0.0ms)[0m  [1mSELECT  "artists".* FROM "artists" WHERE "artists"."id" = ? LIMIT 1[0m  [["id", 30]]
  [1m[35mArtist Load (0.1ms)[0m  SELECT  "artists".* FROM "artists" WHERE "artists"."id" = ? LIMIT 1  [["id", 170]]
  [1m[36mCACHE (0.0ms)[0m  [1mSELECT  "artists".* FROM "artists" WHERE "artists"."id" = ? LIMIT 1[0m  [["id", 45]]
  [1m[35mCACHE (0.0ms)[0m  SELECT  "artists".* FROM "artists" WHERE "artists"."id" = ? LIMIT 1  [["id", 132]]
  [1m[36mCACHE (0.0ms)[0m  [1mSELECT  "artists".* FROM "artists" WHERE "artists"."id" = ? LIMIT 1[0m  [["id", 11]]
  [1m[35mCACHE (0.0ms)[0m  SELECT  "artists".* FROM "artists" WHERE "artists"."id" = ? LIMIT 1  [["id", 101]]
  [1m[36mArtist Load (0.1ms)[0m  [1mSELECT  "artists".* FROM "artists" WHERE "artists"."id" = ? LIMIT 1[0m  [["id", 171]]
  [1m[35mArtist Load (0.1ms)[0m  SELECT  "artists".* FROM "artists" WHERE "artists"."id" = ? LIMIT 1  [["id", 172]]
  [1m[36mCACHE (0.0ms)[0m  [1mSELECT  "artists".* FROM "artists" WHERE "artists"."id" = ? LIMIT 1[0m  [["id", 53]]
  [1m[35mCACHE (0.0ms)[0m  SELECT  "artists".* FROM "artists" WHERE "artists"."id" = ? LIMIT 1  [["id", 79]]
  [1m[36mCACHE (0.0ms)[0m  [1mSELECT  "artists".* FROM "artists" WHERE "artists"."id" = ? LIMIT 1[0m  [["id", 28]]
  [1m[35mCACHE (0.0ms)[0m  SELECT  "artists".* FROM "artists" WHERE "artists"."id" = ? LIMIT 1  [["id", 31]]
  [1m[36mCACHE (0.0ms)[0m  [1mSELECT  "artists".* FROM "artists" WHERE "artists"."id" = ? LIMIT 1[0m  [["id", 71]]
  [1m[35mCACHE (0.0ms)[0m  SELECT  "artists".* FROM "artists" WHERE "artists"."id" = ? LIMIT 1  [["id", 171]]
  [1m[36mCACHE (0.0ms)[0m  [1mSELECT  "artists".* FROM "artists" WHERE "artists"."id" = ? LIMIT 1[0m  [["id", 144]]
  [1m[35mCACHE (0.0ms)[0m  SELECT  "artists".* FROM "artists" WHERE "artists"."id" = ? LIMIT 1  [["id", 38]]
  [1m[36mCACHE (0.0ms)[0m  [1mSELECT  "artists".* FROM "artists" WHERE "artists"."id" = ? LIMIT 1[0m  [["id", 17]]
  [1m[35mCACHE (0.0ms)[0m  SELECT  "artists".* FROM "artists" WHERE "artists"."id" = ? LIMIT 1  [["id", 27]]
  [1m[36mCACHE (0.0ms)[0m  [1mSELECT  "artists".* FROM "artists" WHERE "artists"."id" = ? LIMIT 1[0m  [["id", 113]]
  [1m[35mCACHE (0.0ms)[0m  SELECT  "artists".* FROM "artists" WHERE "artists"."id" = ? LIMIT 1  [["id", 75]]
  [1m[36mCACHE (0.0ms)[0m  [1mSELECT  "artists".* FROM "artists" WHERE "artists"."id" = ? LIMIT 1[0m  [["id", 24]]
  [1m[35mArtist Load (0.1ms)[0m  SELECT  "artists".* FROM "artists" WHERE "artists"."id" = ? LIMIT 1  [["id", 173]]
  [1m[36mCACHE (0.0ms)[0m  [1mSELECT  "artists".* FROM "artists" WHERE "artists"."id" = ? LIMIT 1[0m  [["id", 145]]
  [1m[35mCACHE (0.0ms)[0m  SELECT  "artists".* FROM "artists" WHERE "artists"."id" = ? LIMIT 1  [["id", 31]]
  [1m[36mArtist Load (0.1ms)[0m  [1mSELECT  "artists".* FROM "artists" WHERE "artists"."id" = ? LIMIT 1[0m  [["id", 174]]
  [1m[35mCACHE (0.0ms)[0m  SELECT  "artists".* FROM "artists" WHERE "artists"."id" = ? LIMIT 1  [["id", 83]]
  [1m[36mCACHE (0.0ms)[0m  [1mSELECT  "artists".* FROM "artists" WHERE "artists"."id" = ? LIMIT 1[0m  [["id", 166]]
  [1m[35mCACHE (0.0ms)[0m  SELECT  "artists".* FROM "artists" WHERE "artists"."id" = ? LIMIT 1  [["id", 34]]
  Rendered songs/index.html.erb within layouts/application (495.4ms)
Completed 200 OK in 709ms (Views: 674.3ms | ActiveRecord: 27.0ms)
